<?xml version="1.0" encoding="UTF-8"?>
<robot generator="Robot 4.1 (Python 3.9.7 on win32)" generated="20211003 14:32:01.667" rpa="false" schemaversion="2">
<suite id="s1" name="Test Dartboard" source="C:\Users\marsh\Documents\GitHub\499-Dart-Project\Testing\RobotScripts\test_dartboard.robot">
<test id="s1-t1" name="Test Dartboard">
<kw name="Navigate to Homepage">
<kw name="Create Webdriver" library="Selenium2Library">
<arg>Chrome</arg>
<arg>executable_path=C:/Users/marsh/AppData/Local/Programs/Python/Python39/chromedriver_win/chromedriver.exe</arg>
<doc>Creates an instance of Selenium WebDriver.</doc>
<msg timestamp="20211003 14:32:01.785" level="INFO">Creating an instance of the Chrome WebDriver.</msg>
<kw name="Capture Page Screenshot" library="Selenium2Library">
<doc>Takes a screenshot of the current page and embeds it into a log file.</doc>
<msg timestamp="20211003 14:32:01.830" level="INFO">Cannot capture screenshot because no browser is open.</msg>
<status status="PASS" starttime="20211003 14:32:01.829" endtime="20211003 14:32:01.830"/>
</kw>
<msg timestamp="20211003 14:32:01.831" level="FAIL">WebDriverException: Message: 'chromedriver.exe' executable needs to be in PATH. Please see https://sites.google.com/a/chromium.org/chromedriver/home
</msg>
<status status="FAIL" starttime="20211003 14:32:01.785" endtime="20211003 14:32:01.831"/>
</kw>
<kw name="Open Browser" library="Selenium2Library">
<arg>browser=${browser}</arg>
<doc>Opens a new browser instance to the optional ``url``.</doc>
<status status="NOT RUN" starttime="20211003 14:32:01.831" endtime="20211003 14:32:01.831"/>
</kw>
<kw name="Go To" library="Selenium2Library">
<arg>${webpage}</arg>
<doc>Navigates the current browser window to the provided ``url``.</doc>
<status status="NOT RUN" starttime="20211003 14:32:01.831" endtime="20211003 14:32:01.831"/>
</kw>
<status status="FAIL" starttime="20211003 14:32:01.785" endtime="20211003 14:32:01.832"/>
</kw>
<kw name="My Keyword">
<arg>C:\\Users\\marsh\\Documents\\GitHub\\499-Dart-Project\\Testing\\RobotScripts</arg>
<status status="NOT RUN" starttime="20211003 14:32:01.834" endtime="20211003 14:32:01.834"/>
</kw>
<status status="FAIL" starttime="20211003 14:32:01.784" endtime="20211003 14:32:01.834">WebDriverException: Message: 'chromedriver.exe' executable needs to be in PATH. Please see https://sites.google.com/a/chromium.org/chromedriver/home
</status>
</test>
<status status="FAIL" starttime="20211003 14:32:01.668" endtime="20211003 14:32:01.835"/>
</suite>
<statistics>
<total>
<stat pass="0" fail="1" skip="0">All Tests</stat>
</total>
<tag>
</tag>
<suite>
<stat pass="0" fail="1" skip="0" id="s1" name="Test Dartboard">Test Dartboard</stat>
</suite>
</statistics>
<errors>
</errors>
</robot>
