<?xml version="1.0" encoding="UTF-8"?>
<robot generator="Robot 4.1 (Python 3.9.7 on win32)" generated="20211003 14:32:39.346" rpa="false" schemaversion="2">
<suite id="s1" name="Test Dartboard" source="C:\Users\marsh\Documents\GitHub\499-Dart-Project\Testing\RobotScripts\test_dartboard.robot">
<test id="s1-t1" name="Test Dartboard">
<kw name="Navigate to Homepage">
<kw name="Create Webdriver" library="Selenium2Library">
<arg>Chrome</arg>
<arg>executable_path=C:/Users/marsh/AppData/Local/Programs/Python/Python39/chromedriver.exe</arg>
<doc>Creates an instance of Selenium WebDriver.</doc>
<msg timestamp="20211003 14:32:39.463" level="INFO">Creating an instance of the Chrome WebDriver.</msg>
<status status="PASS" starttime="20211003 14:32:39.463" endtime="20211003 14:32:40.720"/>
</kw>
<kw name="Open Browser" library="Selenium2Library">
<arg>browser=${browser}</arg>
<doc>Opens a new browser instance to the optional ``url``.</doc>
<msg timestamp="20211003 14:32:40.721" level="INFO">Opening browser 'Chrome' to base url 'None'.</msg>
<kw name="Capture Page Screenshot" library="Selenium2Library">
<doc>Takes a screenshot of the current page and embeds it into a log file.</doc>
<msg timestamp="20211003 14:32:40.800" level="INFO" html="true">&lt;/td&gt;&lt;/tr&gt;&lt;tr&gt;&lt;td colspan="3"&gt;&lt;a href="selenium-screenshot-1.png"&gt;&lt;img src="selenium-screenshot-1.png" width="800px"&gt;&lt;/a&gt;</msg>
<status status="PASS" starttime="20211003 14:32:40.722" endtime="20211003 14:32:40.801"/>
</kw>
<msg timestamp="20211003 14:32:40.802" level="FAIL">WebDriverException: Message: 'chromedriver' executable needs to be in PATH. Please see https://sites.google.com/a/chromium.org/chromedriver/home
</msg>
<status status="FAIL" starttime="20211003 14:32:40.721" endtime="20211003 14:32:40.802"/>
</kw>
<kw name="Go To" library="Selenium2Library">
<arg>${webpage}</arg>
<doc>Navigates the current browser window to the provided ``url``.</doc>
<status status="NOT RUN" starttime="20211003 14:32:40.802" endtime="20211003 14:32:40.802"/>
</kw>
<status status="FAIL" starttime="20211003 14:32:39.463" endtime="20211003 14:32:40.802"/>
</kw>
<kw name="My Keyword">
<arg>C:\\Users\\marsh\\Documents\\GitHub\\499-Dart-Project\\Testing\\RobotScripts</arg>
<status status="NOT RUN" starttime="20211003 14:32:40.805" endtime="20211003 14:32:40.805"/>
</kw>
<status status="FAIL" starttime="20211003 14:32:39.462" endtime="20211003 14:32:40.805">WebDriverException: Message: 'chromedriver' executable needs to be in PATH. Please see https://sites.google.com/a/chromium.org/chromedriver/home
</status>
</test>
<status status="FAIL" starttime="20211003 14:32:39.347" endtime="20211003 14:32:40.806"/>
</suite>
<statistics>
<total>
<stat pass="0" fail="1" skip="0">All Tests</stat>
</total>
<tag>
</tag>
<suite>
<stat pass="0" fail="1" skip="0" id="s1" name="Test Dartboard">Test Dartboard</stat>
</suite>
</statistics>
<errors>
</errors>
</robot>
