<?xml version="1.0" encoding="UTF-8"?>
<robot generator="Robot 4.1 (Python 3.9.7 on win32)" generated="20211003 14:56:15.487" rpa="false" schemaversion="2">
<suite id="s1" name="Test Dartboard" source="C:\Users\marsh\Documents\GitHub\499-Dart-Project\Testing\RobotScripts\test_dartboard.robot">
<test id="s1-t1" name="Test Dartboard">
<kw name="Navigate to Scorekeeper">
<kw name="Open Browser" library="Selenium2Library">
<arg>browser=${browser}</arg>
<arg>executable_path=C:/Users/marsh/AppData/Local/Programs/Python/Python39/chromedriver.exe</arg>
<doc>Opens a new browser instance to the optional ``url``.</doc>
<msg timestamp="20211003 14:56:15.603" level="INFO">Opening browser 'hrome' to base url 'None'.</msg>
<kw name="Capture Page Screenshot" library="Selenium2Library">
<doc>Takes a screenshot of the current page and embeds it into a log file.</doc>
<msg timestamp="20211003 14:56:15.603" level="INFO">Cannot capture screenshot because no browser is open.</msg>
<status status="PASS" starttime="20211003 14:56:15.603" endtime="20211003 14:56:15.603"/>
</kw>
<msg timestamp="20211003 14:56:15.604" level="FAIL">ValueError: hrome is not a supported browser.</msg>
<status status="FAIL" starttime="20211003 14:56:15.602" endtime="20211003 14:56:15.604"/>
</kw>
<kw name="Maximize Browser Window" library="Selenium2Library">
<doc>Maximizes current browser window.</doc>
<status status="NOT RUN" starttime="20211003 14:56:15.604" endtime="20211003 14:56:15.604"/>
</kw>
<kw name="Go To" library="Selenium2Library">
<arg>${webpage}</arg>
<doc>Navigates the current browser window to the provided ``url``.</doc>
<status status="NOT RUN" starttime="20211003 14:56:15.604" endtime="20211003 14:56:15.604"/>
</kw>
<status status="FAIL" starttime="20211003 14:56:15.602" endtime="20211003 14:56:15.605"/>
</kw>
<kw name="Test Dartboard">
<status status="NOT RUN" starttime="20211003 14:56:15.605" endtime="20211003 14:56:15.605"/>
</kw>
<status status="FAIL" starttime="20211003 14:56:15.602" endtime="20211003 14:56:15.605">ValueError: hrome is not a supported browser.</status>
</test>
<status status="FAIL" starttime="20211003 14:56:15.488" endtime="20211003 14:56:15.606"/>
</suite>
<statistics>
<total>
<stat pass="0" fail="1" skip="0">All Tests</stat>
</total>
<tag>
</tag>
<suite>
<stat pass="0" fail="1" skip="0" id="s1" name="Test Dartboard">Test Dartboard</stat>
</suite>
</statistics>
<errors>
<msg timestamp="20211003 14:56:15.501" level="ERROR">Error in file 'C:\Users\marsh\Documents\GitHub\499-Dart-Project\Testing\RobotScripts\test_dartboard.robot' on line 3: Importing library 'peratingSystem' failed: ModuleNotFoundError: No module named 'peratingSystem'
Traceback (most recent call last):
  None
PYTHONPATH:
  C:\Users\marsh\Documents\GitHub\499-Dart-Project\Testing\RobotScripts
  C:\Program Files\WindowsApps\PythonSoftwareFoundation.Python.3.9_3.9.2032.0_x64__qbz5n2kfra8p0\python39.zip
  C:\Program Files\WindowsApps\PythonSoftwareFoundation.Python.3.9_3.9.2032.0_x64__qbz5n2kfra8p0\DLLs
  C:\Program Files\WindowsApps\PythonSoftwareFoundation.Python.3.9_3.9.2032.0_x64__qbz5n2kfra8p0\lib
  C:\Users\marsh\AppData\Local\Microsoft\WindowsApps\PythonSoftwareFoundation.Python.3.9_qbz5n2kfra8p0
  C:\Users\marsh\AppData\Local\Packages\PythonSoftwareFoundation.Python.3.9_qbz5n2kfra8p0\LocalCache\local-packages\Python39\site-packages
  C:\Program Files\WindowsApps\PythonSoftwareFoundation.Python.3.9_3.9.2032.0_x64__qbz5n2kfra8p0
  C:\Program Files\WindowsApps\PythonSoftwareFoundation.Python.3.9_3.9.2032.0_x64__qbz5n2kfra8p0\lib\site-packages</msg>
</errors>
</robot>
